<?xml version="1.0" encoding="UTF-8"?>
<testng-results ignored="0" total="1" passed="1" failed="0" skipped="0">
  <reporter-output>
  </reporter-output>
  <suite started-at="2024-01-01T17:26:09 IST" name="Default suite" finished-at="2024-01-01T17:26:32 IST" duration-ms="22634">
    <groups>
    </groups>
    <test started-at="2024-01-01T17:26:09 IST" name="Default test" finished-at="2024-01-01T17:26:32 IST" duration-ms="22634">
      <class name="com.linkedIn.tests.SearchTest">
        <test-method is-config="true" signature="setUp()[pri:0, instance:com.linkedIn.tests.SearchTest@5890e879]" started-at="2024-01-01T17:26:09 IST" name="setUp" finished-at="2024-01-01T17:26:22 IST" duration-ms="13011" status="PASS">
          <reporter-output>
          </reporter-output>
        </test-method> <!-- setUp -->
        <test-method signature="testSearch(java.lang.String,java.lang.String)[pri:0, instance:com.linkedIn.tests.SearchTest@5890e879]" started-at="2024-01-01T17:26:22 IST" name="testSearch" data-provider="searchData" finished-at="2024-01-01T17:26:32 IST" duration-ms="9216" status="PASS">
          <params>
            <param index="0">
              <value>
                <![CDATA[﻿Maysam Mahmoud]]>
              </value>
            </param>
            <param index="1">
              <value>
                <![CDATA[People]]>
              </value>
            </param>
          </params>
          <reporter-output>
          </reporter-output>
        </test-method> <!-- testSearch -->
        <test-method is-config="true" signature="tearDown()[pri:0, instance:com.linkedIn.tests.SearchTest@5890e879]" started-at="2024-01-01T17:26:32 IST" name="tearDown" finished-at="2024-01-01T17:26:32 IST" duration-ms="341" status="PASS">
          <reporter-output>
          </reporter-output>
        </test-method> <!-- tearDown -->
      </class> <!-- com.linkedIn.tests.SearchTest -->
    </test> <!-- Default test -->
  </suite> <!-- Default suite -->
</testng-results>
